INFO  | 2021-11-04 19:57:51 | [main] hibernate.Version (Version.java:44) - HHH000412: Hibernate ORM core version 5.5.3.Final
INFO  | 2021-11-04 19:57:51 | [main] java.JavaReflectionManager (JavaReflectionManager.java:56) - HCANN000001: Hibernate Commons Annotations {5.1.2.Final}
WARN  | 2021-11-04 19:57:52 | [main] internal.DriverManagerConnectionProviderImpl (DriverManagerConnectionProviderImpl.java:72) - HHH10001002: Using Hibernate built-in connection pool (not for production use!)
INFO  | 2021-11-04 19:57:52 | [main] internal.DriverManagerConnectionProviderImpl (DriverManagerConnectionProviderImpl.java:115) - HHH10001005: using driver [org.postgresql.Driver] at URL [jdbc:postgresql://database-1.cdzv9xon8e1s.us-east-2.rds.amazonaws.com/postgres]
INFO  | 2021-11-04 19:57:52 | [main] internal.DriverManagerConnectionProviderImpl (DriverManagerConnectionProviderImpl.java:124) - HHH10001001: Connection properties: {user=whyrchris, password=****}
INFO  | 2021-11-04 19:57:52 | [main] internal.DriverManagerConnectionProviderImpl (DriverManagerConnectionProviderImpl.java:129) - HHH10001003: Autocommit mode: false
INFO  | 2021-11-04 19:57:52 | [main] internal.DriverManagerConnectionProviderImpl$PooledConnections (DriverManagerConnectionProviderImpl.java:274) - HHH000115: Hibernate connection pool size: 20 (min=1)
INFO  | 2021-11-04 19:57:53 | [main] dialect.Dialect (Dialect.java:175) - HHH000400: Using dialect: org.hibernate.dialect.PostgreSQL10Dialect
INFO  | 2021-11-04 19:57:53 | [main] internal.DdlTransactionIsolatorNonJtaImpl (DdlTransactionIsolatorNonJtaImpl.java:48) - HHH10001501: Connection obtained from JdbcConnectionAccess [org.hibernate.engine.jdbc.env.internal.JdbcEnvironmentInitiator$ConnectionProviderJdbcConnectionAccess@70887727] for (non-JTA) DDL execution was not in auto-commit mode; the Connection 'local transaction' will be committed and the Connection will be set into auto-commit mode.
INFO  | 2021-11-04 19:57:53 | [main] internal.JtaPlatformInitiator (JtaPlatformInitiator.java:52) - HHH000490: Using JtaPlatform implementation: [org.hibernate.engine.transaction.jta.platform.internal.NoJtaPlatform]
INFO  | 2021-11-04 19:57:54 | [main] reposiory.GradeFormatRepoHBImpl (GradeFormatRepoHBImpl.java:61) - Execution completed
INFO  | 2021-11-04 19:57:54 | [main] reposiory.EventTypeRepoHBImpl (EventTypeRepoHBImpl.java:61) - Execution completed
INFO  | 2021-11-04 19:57:54 | [main] reposiory.StatusRepoHBImpl (StatusRepoHBImpl.java:61) - Execution completed
INFO  | 2021-11-04 19:57:54 | [main] reposiory.UserRepoHBImpl (UserRepoHBImpl.java:87) - Execution completed
INFO  | 2021-11-04 19:57:54 | [main] reposiory.SupervisorRepoHBImpl (SupervisorRepoHBImpl.java:31) - Execution completed
INFO  | 2021-11-04 19:57:54 | [main] reposiory.SupervisorRepoHBImpl (SupervisorRepoHBImpl.java:71) - Execution completed
INFO  | 2021-11-04 19:57:54 | [main] reposiory.SupervisorRepoHBImpl (SupervisorRepoHBImpl.java:91) - Execution completed
INFO  | 2021-11-04 19:57:55 | [main] reposiory.SupervisorRepoHBImpl (SupervisorRepoHBImpl.java:111) - Execution completed
INFO  | 2021-11-04 19:57:55 | [main] service.EventServiceImpl (EventServiceImpl.java:37) - Get all Events for user 8.
INFO  | 2021-11-04 19:57:55 | [main] reposiory.UserRepoHBImpl (UserRepoHBImpl.java:87) - Execution completed
INFO  | 2021-11-04 19:57:55 | [main] reposiory.EventRepoHBImpl (EventRepoHBImpl.java:113) - Execution completed
INFO  | 2021-11-04 19:57:55 | [main] reposiory.SupervisorRepoHBImpl (SupervisorRepoHBImpl.java:55) - Execution completed
INFO  | 2021-11-04 19:57:55 | [main] reposiory.UserRepoHBImpl (UserRepoHBImpl.java:87) - Execution completed
INFO  | 2021-11-04 19:57:56 | [main] reposiory.EventRepoHBImpl (EventRepoHBImpl.java:113) - Execution completed
INFO  | 2021-11-04 19:57:56 | [main] reposiory.HeadRepoHBImpl (HeadRepoHBImpl.java:66) - Execution completed
INFO  | 2021-11-04 19:57:56 | [main] service.EventServiceImpl (EventServiceImpl.java:37) - Get all Events for user 1.
INFO  | 2021-11-04 19:57:56 | [main] reposiory.UserRepoHBImpl (UserRepoHBImpl.java:87) - Execution completed
INFO  | 2021-11-04 19:57:56 | [main] reposiory.EventRepoHBImpl (EventRepoHBImpl.java:113) - Execution completed
INFO  | 2021-11-04 19:57:56 | [main] reposiory.StatusRepoHBImpl (StatusRepoHBImpl.java:61) - Execution completed
INFO  | 2021-11-04 19:57:56 | [main] reposiory.EventRepoHBImpl (EventRepoHBImpl.java:133) - Execution completed
INFO  | 2021-11-04 19:57:57 | [main] reposiory.StatusRepoHBImpl (StatusRepoHBImpl.java:61) - Execution completed
INFO  | 2021-11-04 19:57:57 | [main] reposiory.EventRepoHBImpl (EventRepoHBImpl.java:133) - Execution completed
INFO  | 2021-11-04 19:57:57 | [main] reposiory.StatusRepoHBImpl (StatusRepoHBImpl.java:61) - Execution completed
INFO  | 2021-11-04 19:57:57 | [main] reposiory.EventRepoHBImpl (EventRepoHBImpl.java:133) - Execution completed
INFO  | 2021-11-04 19:57:57 | [main] reposiory.SupervisorRepoHBImpl (SupervisorRepoHBImpl.java:55) - Execution completed
INFO  | 2021-11-04 19:57:57 | [main] reposiory.UserRepoHBImpl (UserRepoHBImpl.java:87) - Execution completed
INFO  | 2021-11-04 19:57:57 | [main] reposiory.UserRepoHBImpl (UserRepoHBImpl.java:87) - Execution completed
INFO  | 2021-11-04 19:57:57 | [main] reposiory.UserRepoHBImpl (UserRepoHBImpl.java:87) - Execution completed
INFO  | 2021-11-04 19:57:58 | [main] reposiory.UserRepoHBImpl (UserRepoHBImpl.java:87) - Execution completed
INFO  | 2021-11-04 19:57:58 | [main] reposiory.UserRepoHBImpl (UserRepoHBImpl.java:87) - Execution completed
INFO  | 2021-11-04 19:57:58 | [main] reposiory.EventRepoHBImpl (EventRepoHBImpl.java:113) - Execution completed
INFO  | 2021-11-04 19:57:58 | [main] reposiory.EventRepoHBImpl (EventRepoHBImpl.java:113) - Execution completed
INFO  | 2021-11-04 19:57:59 | [main] reposiory.EventRepoHBImpl (EventRepoHBImpl.java:113) - Execution completed
INFO  | 2021-11-04 19:57:59 | [main] reposiory.EventRepoHBImpl (EventRepoHBImpl.java:113) - Execution completed
INFO  | 2021-11-04 19:58:00 | [main] reposiory.EventRepoHBImpl (EventRepoHBImpl.java:113) - Execution completed
INFO  | 2021-11-04 19:58:00 | [main] reposiory.HeadRepoHBImpl (HeadRepoHBImpl.java:66) - Execution completed
INFO  | 2021-11-04 19:58:00 | [main] reposiory.UserRepoHBImpl (UserRepoHBImpl.java:71) - Execution completed
INFO  | 2021-11-04 19:58:01 | [main] reposiory.EventRepoHBImpl (EventRepoHBImpl.java:113) - Execution completed
INFO  | 2021-11-04 19:58:01 | [main] reposiory.EventRepoHBImpl (EventRepoHBImpl.java:113) - Execution completed
INFO  | 2021-11-04 19:58:01 | [main] reposiory.EventRepoHBImpl (EventRepoHBImpl.java:113) - Execution completed
INFO  | 2021-11-04 19:58:02 | [main] reposiory.UserRepoHBImpl (UserRepoHBImpl.java:48) - Execution completed
INFO  | 2021-11-04 19:58:03 | [main] reposiory.EventRepoHBImpl (EventRepoHBImpl.java:113) - Execution completed
INFO  | 2021-11-04 19:58:03 | [main] reposiory.EventRepoHBImpl (EventRepoHBImpl.java:113) - Execution completed
INFO  | 2021-11-04 19:58:03 | [main] reposiory.EventRepoHBImpl (EventRepoHBImpl.java:113) - Execution completed
INFO  | 2021-11-04 19:58:04 | [main] reposiory.EventRepoHBImpl (EventRepoHBImpl.java:113) - Execution completed
INFO  | 2021-11-04 19:58:04 | [main] reposiory.EventRepoHBImpl (EventRepoHBImpl.java:113) - Execution completed
INFO  | 2021-11-04 19:58:05 | [main] reposiory.EventRepoHBImpl (EventRepoHBImpl.java:113) - Execution completed
INFO  | 2021-11-04 19:58:05 | [main] reposiory.EventRepoHBImpl (EventRepoHBImpl.java:113) - Execution completed
INFO  | 2021-11-04 19:58:05 | [main] reposiory.EventRepoHBImpl (EventRepoHBImpl.java:113) - Execution completed
INFO  | 2021-11-04 19:58:06 | [main] reposiory.EventRepoHBImpl (EventRepoHBImpl.java:113) - Execution completed
INFO  | 2021-11-04 19:58:06 | [main] reposiory.EventRepoHBImpl (EventRepoHBImpl.java:113) - Execution completed
INFO  | 2021-11-04 19:58:06 | [main] reposiory.EventRepoHBImpl (EventRepoHBImpl.java:33) - Execution completed
INFO  | 2021-11-04 19:58:06 | [main] service.EventServiceImpl (EventServiceImpl.java:392) - Start delete a Event
INFO  | 2021-11-04 19:58:06 | [main] reposiory.EventRepoHBImpl (EventRepoHBImpl.java:49) - Execution completed
INFO  | 2021-11-04 19:58:06 | [main] reposiory.UserRepoHBImpl (UserRepoHBImpl.java:87) - Execution completed
INFO  | 2021-11-04 19:58:07 | [main] reposiory.EventRepoHBImpl (EventRepoHBImpl.java:153) - Execution completed
INFO  | 2021-11-04 19:58:07 | [main] reposiory.StatusRepoHBImpl (StatusRepoHBImpl.java:29) - Execution completed
INFO  | 2021-11-04 19:58:07 | [main] reposiory.StatusRepoHBImpl (StatusRepoHBImpl.java:61) - Execution completed
INFO  | 2021-11-04 19:58:07 | [main] reposiory.StatusRepoHBImpl (StatusRepoHBImpl.java:45) - Execution completed
INFO  | 2021-11-04 19:58:07 | [main] reposiory.StatusRepoHBImpl (StatusRepoHBImpl.java:81) - Execution completed
INFO  | 2021-11-04 19:58:07 | [main] reposiory.StatusRepoHBImpl (StatusRepoHBImpl.java:101) - Execution completed
INFO  | 2021-11-04 19:58:07 | [main] service.EventServiceImpl (EventServiceImpl.java:167) - Start add a new Event
INFO  | 2021-11-04 19:58:07 | [main] reposiory.UserRepoHBImpl (UserRepoHBImpl.java:87) - Execution completed
INFO  | 2021-11-04 19:58:07 | [main] reposiory.GradeFormatRepoHBImpl (GradeFormatRepoHBImpl.java:61) - Execution completed
INFO  | 2021-11-04 19:58:08 | [main] reposiory.EventTypeRepoHBImpl (EventTypeRepoHBImpl.java:61) - Execution completed
INFO  | 2021-11-04 19:58:08 | [main] reposiory.EventRepoHBImpl (EventRepoHBImpl.java:113) - Execution completed
INFO  | 2021-11-04 19:58:08 | [main] service.EventServiceImpl (EventServiceImpl.java:187) - Add Event succeed
INFO  | 2021-11-04 19:58:08 | [main] reposiory.StatusRepoHBImpl (StatusRepoHBImpl.java:61) - Execution completed
INFO  | 2021-11-04 19:58:08 | [main] reposiory.EventRepoHBImpl (EventRepoHBImpl.java:33) - Execution completed
INFO  | 2021-11-04 19:58:08 | [main] service.EventServiceImpl (EventServiceImpl.java:201) - Start update a Event
INFO  | 2021-11-04 19:58:08 | [main] reposiory.EventRepoHBImpl (EventRepoHBImpl.java:49) - Execution completed
INFO  | 2021-11-04 19:58:08 | [main] reposiory.SupervisorRepoHBImpl (SupervisorRepoHBImpl.java:71) - Execution completed
INFO  | 2021-11-04 19:58:09 | [main] reposiory.UserRepoHBImpl (UserRepoHBImpl.java:87) - Execution completed
INFO  | 2021-11-04 19:58:09 | [main] reposiory.HeadRepoHBImpl (HeadRepoHBImpl.java:66) - Execution completed
INFO  | 2021-11-04 19:58:09 | [main] reposiory.UserRepoHBImpl (UserRepoHBImpl.java:87) - Execution completed
INFO  | 2021-11-04 19:58:09 | [main] reposiory.StatusRepoHBImpl (StatusRepoHBImpl.java:61) - Execution completed
INFO  | 2021-11-04 19:58:09 | [main] reposiory.EventRepoHBImpl (EventRepoHBImpl.java:133) - Execution completed
INFO  | 2021-11-04 19:58:09 | [main] reposiory.EventRepoHBImpl (EventRepoHBImpl.java:153) - Execution completed
INFO  | 2021-11-04 19:58:09 | [main] service.LoginServiceImpl (LoginServiceImpl.java:39) - Get Login information for checking login.
INFO  | 2021-11-04 19:58:09 | [main] reposiory.LoginRepoHBImpl (LoginRepoHBImpl.java:83) - Execution completed
INFO  | 2021-11-04 19:58:09 | [main] service.LoginServiceImpl (LoginServiceImpl.java:33) - Get User information CS.
INFO  | 2021-11-04 19:58:09 | [main] reposiory.UserRepoHBImpl (UserRepoHBImpl.java:107) - Execution completed
INFO  | 2021-11-04 19:58:09 | [main] service.LoginServiceImpl (LoginServiceImpl.java:51) - Create a new Login 123.
INFO  | 2021-11-04 19:58:10 | [main] reposiory.LoginRepoHBImpl (LoginRepoHBImpl.java:30) - Execution completed
INFO  | 2021-11-04 19:58:10 | [main] service.LoginServiceImpl (LoginServiceImpl.java:45) - Get information of all Logins.
INFO  | 2021-11-04 19:58:10 | [main] reposiory.LoginRepoHBImpl (LoginRepoHBImpl.java:46) - Execution completed
INFO  | 2021-11-04 19:58:10 | [main] service.LoginServiceImpl (LoginServiceImpl.java:27) - Create a new Login 1.
INFO  | 2021-11-04 19:58:10 | [main] reposiory.LoginRepoHBImpl (LoginRepoHBImpl.java:62) - Execution completed
INFO  | 2021-11-04 19:58:10 | [main] service.LoginServiceImpl (LoginServiceImpl.java:39) - Get Login information for checking login.
INFO  | 2021-11-04 19:58:10 | [main] reposiory.LoginRepoHBImpl (LoginRepoHBImpl.java:83) - Execution completed
INFO  | 2021-11-04 19:58:10 | [main] service.LoginServiceImpl (LoginServiceImpl.java:27) - Create a new Login 13.
INFO  | 2021-11-04 19:58:10 | [main] reposiory.LoginRepoHBImpl (LoginRepoHBImpl.java:62) - Execution completed
INFO  | 2021-11-04 19:58:10 | [main] service.LoginServiceImpl (LoginServiceImpl.java:58) - Update information of Login 123.
INFO  | 2021-11-04 19:58:10 | [main] reposiory.LoginRepoHBImpl (LoginRepoHBImpl.java:103) - Execution completed
INFO  | 2021-11-04 19:58:10 | [main] reposiory.LoginRepoHBImpl (LoginRepoHBImpl.java:62) - Execution completed
INFO  | 2021-11-04 19:58:10 | [main] reposiory.LoginRepoHBImpl (LoginRepoHBImpl.java:123) - Execution completed
INFO  | 2021-11-04 19:58:12 | [main] reposiory.EventRepoHBImpl (EventRepoHBImpl.java:65) - Execution completed
INFO  | 2021-11-04 19:58:12 | [main] service.EventServiceImpl (EventServiceImpl.java:37) - Get all Events for user 3.
INFO  | 2021-11-04 19:58:12 | [main] reposiory.UserRepoHBImpl (UserRepoHBImpl.java:87) - Execution completed
INFO  | 2021-11-04 19:58:12 | [main] reposiory.EventRepoHBImpl (EventRepoHBImpl.java:113) - Execution completed
INFO  | 2021-11-04 19:58:12 | [main] reposiory.StatusRepoHBImpl (StatusRepoHBImpl.java:61) - Execution completed
INFO  | 2021-11-04 19:58:12 | [main] reposiory.EventRepoHBImpl (EventRepoHBImpl.java:133) - Execution completed
INFO  | 2021-11-04 19:58:13 | [main] reposiory.SupervisorRepoHBImpl (SupervisorRepoHBImpl.java:55) - Execution completed
INFO  | 2021-11-04 19:58:13 | [main] reposiory.UserRepoHBImpl (UserRepoHBImpl.java:87) - Execution completed
INFO  | 2021-11-04 19:58:13 | [main] reposiory.UserRepoHBImpl (UserRepoHBImpl.java:87) - Execution completed
INFO  | 2021-11-04 19:58:13 | [main] reposiory.EventRepoHBImpl (EventRepoHBImpl.java:113) - Execution completed
INFO  | 2021-11-04 19:58:14 | [main] reposiory.EventRepoHBImpl (EventRepoHBImpl.java:113) - Execution completed
INFO  | 2021-11-04 19:58:14 | [main] reposiory.HeadRepoHBImpl (HeadRepoHBImpl.java:66) - Execution completed
INFO  | 2021-11-04 19:58:14 | [main] reposiory.UserRepoHBImpl (UserRepoHBImpl.java:71) - Execution completed
INFO  | 2021-11-04 19:58:14 | [main] reposiory.EventRepoHBImpl (EventRepoHBImpl.java:113) - Execution completed
INFO  | 2021-11-04 19:58:15 | [main] reposiory.EventRepoHBImpl (EventRepoHBImpl.java:113) - Execution completed
INFO  | 2021-11-04 19:58:15 | [main] reposiory.EventRepoHBImpl (EventRepoHBImpl.java:113) - Execution completed
INFO  | 2021-11-04 19:58:15 | [main] reposiory.UserRepoHBImpl (UserRepoHBImpl.java:87) - Execution completed
INFO  | 2021-11-04 19:58:15 | [main] reposiory.HeadRepoHBImpl (HeadRepoHBImpl.java:30) - Execution completed
INFO  | 2021-11-04 19:58:15 | [main] reposiory.HeadRepoHBImpl (HeadRepoHBImpl.java:66) - Execution completed
INFO  | 2021-11-04 19:58:16 | [main] reposiory.HeadRepoHBImpl (HeadRepoHBImpl.java:46) - Execution completed
INFO  | 2021-11-04 19:58:16 | [main] reposiory.UserRepoHBImpl (UserRepoHBImpl.java:87) - Execution completed
INFO  | 2021-11-04 19:58:16 | [main] reposiory.HeadRepoHBImpl (HeadRepoHBImpl.java:86) - Execution completed
INFO  | 2021-11-04 19:58:16 | [main] reposiory.HeadRepoHBImpl (HeadRepoHBImpl.java:106) - Execution completed
INFO  | 2021-11-04 19:58:16 | [main] reposiory.LoginRepoHBImpl (LoginRepoHBImpl.java:30) - Execution completed
INFO  | 2021-11-04 19:58:17 | [main] reposiory.DepartmentRepoHBImpl (DepartmentRepoHBImpl.java:61) - Execution completed
INFO  | 2021-11-04 19:58:17 | [main] reposiory.UserRepoHBImpl (UserRepoHBImpl.java:32) - Execution completed
INFO  | 2021-11-04 19:58:17 | [main] reposiory.UserRepoHBImpl (UserRepoHBImpl.java:127) - Execution completed
INFO  | 2021-11-04 19:58:17 | [main] reposiory.UserRepoHBImpl (UserRepoHBImpl.java:147) - Execution completed
INFO  | 2021-11-04 19:58:17 | [main] reposiory.LoginRepoHBImpl (LoginRepoHBImpl.java:123) - Execution completed
INFO  | 2021-11-04 19:58:17 | [main] reposiory.SupervisorRepoHBImpl (SupervisorRepoHBImpl.java:71) - Execution completed
INFO  | 2021-11-04 19:58:17 | [main] reposiory.UserRepoHBImpl (UserRepoHBImpl.java:87) - Execution completed
INFO  | 2021-11-04 19:58:17 | [main] reposiory.EventTypeRepoHBImpl (EventTypeRepoHBImpl.java:29) - Execution completed
INFO  | 2021-11-04 19:58:18 | [main] reposiory.EventTypeRepoHBImpl (EventTypeRepoHBImpl.java:45) - Execution completed
INFO  | 2021-11-04 19:58:18 | [main] reposiory.EventTypeRepoHBImpl (EventTypeRepoHBImpl.java:61) - Execution completed
INFO  | 2021-11-04 19:58:18 | [main] reposiory.EventTypeRepoHBImpl (EventTypeRepoHBImpl.java:81) - Execution completed
INFO  | 2021-11-04 19:58:18 | [main] reposiory.EventTypeRepoHBImpl (EventTypeRepoHBImpl.java:101) - Execution completed
INFO  | 2021-11-04 19:58:18 | [main] reposiory.GradeFormatRepoHBImpl (GradeFormatRepoHBImpl.java:29) - Execution completed
INFO  | 2021-11-04 19:58:18 | [main] reposiory.GradeFormatRepoHBImpl (GradeFormatRepoHBImpl.java:61) - Execution completed
INFO  | 2021-11-04 19:58:18 | [main] reposiory.GradeFormatRepoHBImpl (GradeFormatRepoHBImpl.java:45) - Execution completed
INFO  | 2021-11-04 19:58:18 | [main] reposiory.GradeFormatRepoHBImpl (GradeFormatRepoHBImpl.java:81) - Execution completed
INFO  | 2021-11-04 19:58:18 | [main] reposiory.GradeFormatRepoHBImpl (GradeFormatRepoHBImpl.java:101) - Execution completed
INFO  | 2021-11-04 19:58:19 | [main] reposiory.DepartmentRepoHBImpl (DepartmentRepoHBImpl.java:29) - Execution completed
INFO  | 2021-11-04 19:58:19 | [main] reposiory.DepartmentRepoHBImpl (DepartmentRepoHBImpl.java:45) - Execution completed
INFO  | 2021-11-04 19:58:19 | [main] reposiory.DepartmentRepoHBImpl (DepartmentRepoHBImpl.java:61) - Execution completed
INFO  | 2021-11-04 19:58:19 | [main] reposiory.DepartmentRepoHBImpl (DepartmentRepoHBImpl.java:81) - Execution completed
INFO  | 2021-11-04 19:58:19 | [main] reposiory.DepartmentRepoHBImpl (DepartmentRepoHBImpl.java:101) - Execution completed
INFO  | 2021-11-04 19:58:19 | [main] reposiory.UserRepoHBImpl (UserRepoHBImpl.java:87) - Execution completed
INFO  | 2021-11-04 19:58:19 | [main] reposiory.HeadRepoHBImpl (HeadRepoHBImpl.java:66) - Execution completed
INFO  | 2021-11-04 19:58:19 | [main] service.EventServiceImpl (EventServiceImpl.java:31) - Get information of Event 1.
INFO  | 2021-11-04 19:58:19 | [main] reposiory.EventRepoHBImpl (EventRepoHBImpl.java:49) - Execution completed
INFO  | 2021-11-04 19:58:20 | [main] reposiory.EventRepoHBImpl (EventRepoHBImpl.java:89) - Execution completed
INFO  | 2021-11-04 19:59:18 | [main] hibernate.Version (Version.java:44) - HHH000412: Hibernate ORM core version 5.5.3.Final
INFO  | 2021-11-04 19:59:18 | [main] java.JavaReflectionManager (JavaReflectionManager.java:56) - HCANN000001: Hibernate Commons Annotations {5.1.2.Final}
WARN  | 2021-11-04 19:59:18 | [main] internal.DriverManagerConnectionProviderImpl (DriverManagerConnectionProviderImpl.java:72) - HHH10001002: Using Hibernate built-in connection pool (not for production use!)
INFO  | 2021-11-04 19:59:18 | [main] internal.DriverManagerConnectionProviderImpl (DriverManagerConnectionProviderImpl.java:115) - HHH10001005: using driver [org.postgresql.Driver] at URL [jdbc:postgresql://database-1.cdzv9xon8e1s.us-east-2.rds.amazonaws.com/postgres]
INFO  | 2021-11-04 19:59:18 | [main] internal.DriverManagerConnectionProviderImpl (DriverManagerConnectionProviderImpl.java:124) - HHH10001001: Connection properties: {user=whyrchris, password=****}
INFO  | 2021-11-04 19:59:18 | [main] internal.DriverManagerConnectionProviderImpl (DriverManagerConnectionProviderImpl.java:129) - HHH10001003: Autocommit mode: false
INFO  | 2021-11-04 19:59:18 | [main] internal.DriverManagerConnectionProviderImpl$PooledConnections (DriverManagerConnectionProviderImpl.java:274) - HHH000115: Hibernate connection pool size: 20 (min=1)
INFO  | 2021-11-04 19:59:19 | [main] dialect.Dialect (Dialect.java:175) - HHH000400: Using dialect: org.hibernate.dialect.PostgreSQL10Dialect
INFO  | 2021-11-04 19:59:20 | [main] internal.DdlTransactionIsolatorNonJtaImpl (DdlTransactionIsolatorNonJtaImpl.java:48) - HHH10001501: Connection obtained from JdbcConnectionAccess [org.hibernate.engine.jdbc.env.internal.JdbcEnvironmentInitiator$ConnectionProviderJdbcConnectionAccess@5dd903be] for (non-JTA) DDL execution was not in auto-commit mode; the Connection 'local transaction' will be committed and the Connection will be set into auto-commit mode.
INFO  | 2021-11-04 19:59:20 | [main] internal.JtaPlatformInitiator (JtaPlatformInitiator.java:52) - HHH000490: Using JtaPlatform implementation: [org.hibernate.engine.transaction.jta.platform.internal.NoJtaPlatform]
INFO  | 2021-11-04 19:59:20 | [main] reposiory.GradeFormatRepoHBImpl (GradeFormatRepoHBImpl.java:61) - Execution completed
INFO  | 2021-11-04 19:59:20 | [main] reposiory.EventTypeRepoHBImpl (EventTypeRepoHBImpl.java:61) - Execution completed
INFO  | 2021-11-04 19:59:21 | [main] reposiory.StatusRepoHBImpl (StatusRepoHBImpl.java:61) - Execution completed
INFO  | 2021-11-04 19:59:21 | [main] reposiory.UserRepoHBImpl (UserRepoHBImpl.java:87) - Execution completed
INFO  | 2021-11-04 19:59:21 | [main] reposiory.SupervisorRepoHBImpl (SupervisorRepoHBImpl.java:31) - Execution completed
INFO  | 2021-11-04 19:59:21 | [main] reposiory.SupervisorRepoHBImpl (SupervisorRepoHBImpl.java:71) - Execution completed
INFO  | 2021-11-04 19:59:21 | [main] reposiory.SupervisorRepoHBImpl (SupervisorRepoHBImpl.java:91) - Execution completed
INFO  | 2021-11-04 19:59:21 | [main] reposiory.SupervisorRepoHBImpl (SupervisorRepoHBImpl.java:111) - Execution completed
INFO  | 2021-11-04 19:59:21 | [main] service.EventServiceImpl (EventServiceImpl.java:37) - Get all Events for user 8.
INFO  | 2021-11-04 19:59:21 | [main] reposiory.UserRepoHBImpl (UserRepoHBImpl.java:87) - Execution completed
INFO  | 2021-11-04 19:59:22 | [main] reposiory.EventRepoHBImpl (EventRepoHBImpl.java:113) - Execution completed
INFO  | 2021-11-04 19:59:22 | [main] reposiory.SupervisorRepoHBImpl (SupervisorRepoHBImpl.java:55) - Execution completed
INFO  | 2021-11-04 19:59:22 | [main] reposiory.UserRepoHBImpl (UserRepoHBImpl.java:87) - Execution completed
INFO  | 2021-11-04 19:59:22 | [main] reposiory.EventRepoHBImpl (EventRepoHBImpl.java:113) - Execution completed
INFO  | 2021-11-04 19:59:22 | [main] reposiory.HeadRepoHBImpl (HeadRepoHBImpl.java:66) - Execution completed
INFO  | 2021-11-04 19:59:22 | [main] service.EventServiceImpl (EventServiceImpl.java:37) - Get all Events for user 1.
INFO  | 2021-11-04 19:59:22 | [main] reposiory.UserRepoHBImpl (UserRepoHBImpl.java:87) - Execution completed
INFO  | 2021-11-04 19:59:23 | [main] reposiory.EventRepoHBImpl (EventRepoHBImpl.java:113) - Execution completed
INFO  | 2021-11-04 19:59:23 | [main] reposiory.SupervisorRepoHBImpl (SupervisorRepoHBImpl.java:55) - Execution completed
INFO  | 2021-11-04 19:59:23 | [main] reposiory.UserRepoHBImpl (UserRepoHBImpl.java:87) - Execution completed
INFO  | 2021-11-04 19:59:23 | [main] reposiory.UserRepoHBImpl (UserRepoHBImpl.java:87) - Execution completed
INFO  | 2021-11-04 19:59:23 | [main] reposiory.UserRepoHBImpl (UserRepoHBImpl.java:87) - Execution completed
INFO  | 2021-11-04 19:59:23 | [main] reposiory.UserRepoHBImpl (UserRepoHBImpl.java:87) - Execution completed
INFO  | 2021-11-04 19:59:24 | [main] reposiory.UserRepoHBImpl (UserRepoHBImpl.java:87) - Execution completed
INFO  | 2021-11-04 19:59:24 | [main] reposiory.EventRepoHBImpl (EventRepoHBImpl.java:113) - Execution completed
INFO  | 2021-11-04 19:59:24 | [main] reposiory.EventRepoHBImpl (EventRepoHBImpl.java:113) - Execution completed
INFO  | 2021-11-04 19:59:25 | [main] reposiory.EventRepoHBImpl (EventRepoHBImpl.java:113) - Execution completed
INFO  | 2021-11-04 19:59:25 | [main] reposiory.EventRepoHBImpl (EventRepoHBImpl.java:113) - Execution completed
INFO  | 2021-11-04 19:59:26 | [main] reposiory.EventRepoHBImpl (EventRepoHBImpl.java:113) - Execution completed
INFO  | 2021-11-04 19:59:26 | [main] reposiory.HeadRepoHBImpl (HeadRepoHBImpl.java:66) - Execution completed
INFO  | 2021-11-04 19:59:26 | [main] reposiory.UserRepoHBImpl (UserRepoHBImpl.java:71) - Execution completed
INFO  | 2021-11-04 19:59:27 | [main] reposiory.EventRepoHBImpl (EventRepoHBImpl.java:113) - Execution completed
INFO  | 2021-11-04 19:59:27 | [main] reposiory.EventRepoHBImpl (EventRepoHBImpl.java:113) - Execution completed
INFO  | 2021-11-04 19:59:27 | [main] reposiory.EventRepoHBImpl (EventRepoHBImpl.java:113) - Execution completed
INFO  | 2021-11-04 19:59:28 | [main] reposiory.UserRepoHBImpl (UserRepoHBImpl.java:48) - Execution completed
INFO  | 2021-11-04 19:59:29 | [main] reposiory.EventRepoHBImpl (EventRepoHBImpl.java:113) - Execution completed
INFO  | 2021-11-04 19:59:29 | [main] reposiory.EventRepoHBImpl (EventRepoHBImpl.java:113) - Execution completed
INFO  | 2021-11-04 19:59:29 | [main] reposiory.EventRepoHBImpl (EventRepoHBImpl.java:113) - Execution completed
INFO  | 2021-11-04 19:59:30 | [main] reposiory.EventRepoHBImpl (EventRepoHBImpl.java:113) - Execution completed
INFO  | 2021-11-04 19:59:30 | [main] reposiory.EventRepoHBImpl (EventRepoHBImpl.java:113) - Execution completed
INFO  | 2021-11-04 19:59:31 | [main] reposiory.EventRepoHBImpl (EventRepoHBImpl.java:113) - Execution completed
INFO  | 2021-11-04 19:59:31 | [main] reposiory.EventRepoHBImpl (EventRepoHBImpl.java:113) - Execution completed
INFO  | 2021-11-04 19:59:31 | [main] reposiory.EventRepoHBImpl (EventRepoHBImpl.java:113) - Execution completed
INFO  | 2021-11-04 19:59:31 | [main] reposiory.EventRepoHBImpl (EventRepoHBImpl.java:113) - Execution completed
INFO  | 2021-11-04 19:59:32 | [main] reposiory.EventRepoHBImpl (EventRepoHBImpl.java:113) - Execution completed
INFO  | 2021-11-04 19:59:32 | [main] reposiory.EventRepoHBImpl (EventRepoHBImpl.java:33) - Execution completed
INFO  | 2021-11-04 19:59:32 | [main] service.EventServiceImpl (EventServiceImpl.java:392) - Start delete a Event
INFO  | 2021-11-04 19:59:32 | [main] reposiory.EventRepoHBImpl (EventRepoHBImpl.java:49) - Execution completed
INFO  | 2021-11-04 19:59:32 | [main] reposiory.UserRepoHBImpl (UserRepoHBImpl.java:87) - Execution completed
INFO  | 2021-11-04 19:59:32 | [main] reposiory.EventRepoHBImpl (EventRepoHBImpl.java:153) - Execution completed
INFO  | 2021-11-04 19:59:32 | [main] reposiory.StatusRepoHBImpl (StatusRepoHBImpl.java:29) - Execution completed
INFO  | 2021-11-04 19:59:33 | [main] reposiory.StatusRepoHBImpl (StatusRepoHBImpl.java:61) - Execution completed
INFO  | 2021-11-04 19:59:33 | [main] reposiory.StatusRepoHBImpl (StatusRepoHBImpl.java:45) - Execution completed
INFO  | 2021-11-04 19:59:33 | [main] reposiory.StatusRepoHBImpl (StatusRepoHBImpl.java:81) - Execution completed
INFO  | 2021-11-04 19:59:33 | [main] reposiory.StatusRepoHBImpl (StatusRepoHBImpl.java:101) - Execution completed
INFO  | 2021-11-04 19:59:33 | [main] service.EventServiceImpl (EventServiceImpl.java:167) - Start add a new Event
INFO  | 2021-11-04 19:59:33 | [main] reposiory.UserRepoHBImpl (UserRepoHBImpl.java:87) - Execution completed
INFO  | 2021-11-04 19:59:33 | [main] reposiory.GradeFormatRepoHBImpl (GradeFormatRepoHBImpl.java:61) - Execution completed
INFO  | 2021-11-04 19:59:33 | [main] reposiory.EventTypeRepoHBImpl (EventTypeRepoHBImpl.java:61) - Execution completed
INFO  | 2021-11-04 19:59:34 | [main] reposiory.EventRepoHBImpl (EventRepoHBImpl.java:113) - Execution completed
INFO  | 2021-11-04 19:59:34 | [main] service.EventServiceImpl (EventServiceImpl.java:187) - Add Event succeed
INFO  | 2021-11-04 19:59:34 | [main] reposiory.StatusRepoHBImpl (StatusRepoHBImpl.java:61) - Execution completed
INFO  | 2021-11-04 19:59:34 | [main] reposiory.EventRepoHBImpl (EventRepoHBImpl.java:33) - Execution completed
INFO  | 2021-11-04 19:59:34 | [main] service.EventServiceImpl (EventServiceImpl.java:201) - Start update a Event
INFO  | 2021-11-04 19:59:34 | [main] reposiory.EventRepoHBImpl (EventRepoHBImpl.java:49) - Execution completed
INFO  | 2021-11-04 19:59:34 | [main] reposiory.SupervisorRepoHBImpl (SupervisorRepoHBImpl.java:71) - Execution completed
INFO  | 2021-11-04 19:59:34 | [main] reposiory.UserRepoHBImpl (UserRepoHBImpl.java:87) - Execution completed
INFO  | 2021-11-04 19:59:34 | [main] reposiory.HeadRepoHBImpl (HeadRepoHBImpl.java:66) - Execution completed
INFO  | 2021-11-04 19:59:35 | [main] reposiory.UserRepoHBImpl (UserRepoHBImpl.java:87) - Execution completed
INFO  | 2021-11-04 19:59:35 | [main] reposiory.StatusRepoHBImpl (StatusRepoHBImpl.java:61) - Execution completed
INFO  | 2021-11-04 19:59:35 | [main] reposiory.EventRepoHBImpl (EventRepoHBImpl.java:133) - Execution completed
INFO  | 2021-11-04 19:59:35 | [main] reposiory.EventRepoHBImpl (EventRepoHBImpl.java:153) - Execution completed
INFO  | 2021-11-04 19:59:35 | [main] service.LoginServiceImpl (LoginServiceImpl.java:39) - Get Login information for checking login.
INFO  | 2021-11-04 19:59:35 | [main] reposiory.LoginRepoHBImpl (LoginRepoHBImpl.java:83) - Execution completed
INFO  | 2021-11-04 19:59:35 | [main] service.LoginServiceImpl (LoginServiceImpl.java:33) - Get User information CS.
INFO  | 2021-11-04 19:59:35 | [main] reposiory.UserRepoHBImpl (UserRepoHBImpl.java:107) - Execution completed
INFO  | 2021-11-04 19:59:35 | [main] service.LoginServiceImpl (LoginServiceImpl.java:51) - Create a new Login 123.
INFO  | 2021-11-04 19:59:35 | [main] reposiory.LoginRepoHBImpl (LoginRepoHBImpl.java:30) - Execution completed
INFO  | 2021-11-04 19:59:35 | [main] service.LoginServiceImpl (LoginServiceImpl.java:45) - Get information of all Logins.
INFO  | 2021-11-04 19:59:36 | [main] reposiory.LoginRepoHBImpl (LoginRepoHBImpl.java:46) - Execution completed
INFO  | 2021-11-04 19:59:36 | [main] service.LoginServiceImpl (LoginServiceImpl.java:27) - Create a new Login 1.
INFO  | 2021-11-04 19:59:36 | [main] reposiory.LoginRepoHBImpl (LoginRepoHBImpl.java:62) - Execution completed
INFO  | 2021-11-04 19:59:36 | [main] service.LoginServiceImpl (LoginServiceImpl.java:39) - Get Login information for checking login.
INFO  | 2021-11-04 19:59:36 | [main] reposiory.LoginRepoHBImpl (LoginRepoHBImpl.java:83) - Execution completed
INFO  | 2021-11-04 19:59:36 | [main] service.LoginServiceImpl (LoginServiceImpl.java:27) - Create a new Login 15.
INFO  | 2021-11-04 19:59:36 | [main] reposiory.LoginRepoHBImpl (LoginRepoHBImpl.java:62) - Execution completed
INFO  | 2021-11-04 19:59:36 | [main] service.LoginServiceImpl (LoginServiceImpl.java:58) - Update information of Login 123.
INFO  | 2021-11-04 19:59:36 | [main] reposiory.LoginRepoHBImpl (LoginRepoHBImpl.java:103) - Execution completed
INFO  | 2021-11-04 19:59:36 | [main] reposiory.LoginRepoHBImpl (LoginRepoHBImpl.java:62) - Execution completed
INFO  | 2021-11-04 19:59:36 | [main] reposiory.LoginRepoHBImpl (LoginRepoHBImpl.java:123) - Execution completed
INFO  | 2021-11-04 19:59:37 | [main] reposiory.EventRepoHBImpl (EventRepoHBImpl.java:65) - Execution completed
INFO  | 2021-11-04 19:59:37 | [main] service.EventServiceImpl (EventServiceImpl.java:37) - Get all Events for user 3.
INFO  | 2021-11-04 19:59:38 | [main] reposiory.UserRepoHBImpl (UserRepoHBImpl.java:87) - Execution completed
INFO  | 2021-11-04 19:59:38 | [main] reposiory.EventRepoHBImpl (EventRepoHBImpl.java:113) - Execution completed
INFO  | 2021-11-04 19:59:38 | [main] reposiory.SupervisorRepoHBImpl (SupervisorRepoHBImpl.java:55) - Execution completed
INFO  | 2021-11-04 19:59:38 | [main] reposiory.UserRepoHBImpl (UserRepoHBImpl.java:87) - Execution completed
INFO  | 2021-11-04 19:59:38 | [main] reposiory.UserRepoHBImpl (UserRepoHBImpl.java:87) - Execution completed
INFO  | 2021-11-04 19:59:39 | [main] reposiory.EventRepoHBImpl (EventRepoHBImpl.java:113) - Execution completed
INFO  | 2021-11-04 19:59:39 | [main] reposiory.EventRepoHBImpl (EventRepoHBImpl.java:113) - Execution completed
INFO  | 2021-11-04 19:59:39 | [main] reposiory.HeadRepoHBImpl (HeadRepoHBImpl.java:66) - Execution completed
INFO  | 2021-11-04 19:59:39 | [main] reposiory.UserRepoHBImpl (UserRepoHBImpl.java:71) - Execution completed
INFO  | 2021-11-04 19:59:40 | [main] reposiory.EventRepoHBImpl (EventRepoHBImpl.java:113) - Execution completed
INFO  | 2021-11-04 19:59:40 | [main] reposiory.EventRepoHBImpl (EventRepoHBImpl.java:113) - Execution completed
INFO  | 2021-11-04 19:59:41 | [main] reposiory.EventRepoHBImpl (EventRepoHBImpl.java:113) - Execution completed
INFO  | 2021-11-04 19:59:41 | [main] reposiory.UserRepoHBImpl (UserRepoHBImpl.java:87) - Execution completed
INFO  | 2021-11-04 19:59:41 | [main] reposiory.HeadRepoHBImpl (HeadRepoHBImpl.java:30) - Execution completed
INFO  | 2021-11-04 19:59:41 | [main] reposiory.HeadRepoHBImpl (HeadRepoHBImpl.java:66) - Execution completed
INFO  | 2021-11-04 19:59:41 | [main] reposiory.HeadRepoHBImpl (HeadRepoHBImpl.java:46) - Execution completed
INFO  | 2021-11-04 19:59:41 | [main] reposiory.UserRepoHBImpl (UserRepoHBImpl.java:87) - Execution completed
INFO  | 2021-11-04 19:59:42 | [main] reposiory.HeadRepoHBImpl (HeadRepoHBImpl.java:86) - Execution completed
INFO  | 2021-11-04 19:59:42 | [main] reposiory.HeadRepoHBImpl (HeadRepoHBImpl.java:106) - Execution completed
INFO  | 2021-11-04 19:59:42 | [main] reposiory.LoginRepoHBImpl (LoginRepoHBImpl.java:30) - Execution completed
INFO  | 2021-11-04 19:59:42 | [main] reposiory.DepartmentRepoHBImpl (DepartmentRepoHBImpl.java:61) - Execution completed
INFO  | 2021-11-04 19:59:42 | [main] reposiory.UserRepoHBImpl (UserRepoHBImpl.java:32) - Execution completed
INFO  | 2021-11-04 19:59:42 | [main] reposiory.UserRepoHBImpl (UserRepoHBImpl.java:127) - Execution completed
INFO  | 2021-11-04 19:59:42 | [main] reposiory.UserRepoHBImpl (UserRepoHBImpl.java:147) - Execution completed
INFO  | 2021-11-04 19:59:43 | [main] reposiory.LoginRepoHBImpl (LoginRepoHBImpl.java:123) - Execution completed
INFO  | 2021-11-04 19:59:43 | [main] reposiory.SupervisorRepoHBImpl (SupervisorRepoHBImpl.java:71) - Execution completed
INFO  | 2021-11-04 19:59:43 | [main] reposiory.UserRepoHBImpl (UserRepoHBImpl.java:87) - Execution completed
INFO  | 2021-11-04 19:59:43 | [main] reposiory.EventTypeRepoHBImpl (EventTypeRepoHBImpl.java:29) - Execution completed
INFO  | 2021-11-04 19:59:43 | [main] reposiory.EventTypeRepoHBImpl (EventTypeRepoHBImpl.java:45) - Execution completed
INFO  | 2021-11-04 19:59:43 | [main] reposiory.EventTypeRepoHBImpl (EventTypeRepoHBImpl.java:61) - Execution completed
INFO  | 2021-11-04 19:59:43 | [main] reposiory.EventTypeRepoHBImpl (EventTypeRepoHBImpl.java:81) - Execution completed
INFO  | 2021-11-04 19:59:43 | [main] reposiory.EventTypeRepoHBImpl (EventTypeRepoHBImpl.java:101) - Execution completed
INFO  | 2021-11-04 19:59:43 | [main] reposiory.GradeFormatRepoHBImpl (GradeFormatRepoHBImpl.java:29) - Execution completed
INFO  | 2021-11-04 19:59:44 | [main] reposiory.GradeFormatRepoHBImpl (GradeFormatRepoHBImpl.java:61) - Execution completed
INFO  | 2021-11-04 19:59:44 | [main] reposiory.GradeFormatRepoHBImpl (GradeFormatRepoHBImpl.java:45) - Execution completed
INFO  | 2021-11-04 19:59:44 | [main] reposiory.GradeFormatRepoHBImpl (GradeFormatRepoHBImpl.java:81) - Execution completed
INFO  | 2021-11-04 19:59:44 | [main] reposiory.GradeFormatRepoHBImpl (GradeFormatRepoHBImpl.java:101) - Execution completed
INFO  | 2021-11-04 19:59:44 | [main] reposiory.DepartmentRepoHBImpl (DepartmentRepoHBImpl.java:29) - Execution completed
INFO  | 2021-11-04 19:59:44 | [main] reposiory.DepartmentRepoHBImpl (DepartmentRepoHBImpl.java:45) - Execution completed
INFO  | 2021-11-04 19:59:44 | [main] reposiory.DepartmentRepoHBImpl (DepartmentRepoHBImpl.java:61) - Execution completed
INFO  | 2021-11-04 19:59:44 | [main] reposiory.DepartmentRepoHBImpl (DepartmentRepoHBImpl.java:81) - Execution completed
INFO  | 2021-11-04 19:59:45 | [main] reposiory.DepartmentRepoHBImpl (DepartmentRepoHBImpl.java:101) - Execution completed
INFO  | 2021-11-04 19:59:45 | [main] reposiory.UserRepoHBImpl (UserRepoHBImpl.java:87) - Execution completed
INFO  | 2021-11-04 19:59:45 | [main] reposiory.HeadRepoHBImpl (HeadRepoHBImpl.java:66) - Execution completed
INFO  | 2021-11-04 19:59:45 | [main] service.EventServiceImpl (EventServiceImpl.java:31) - Get information of Event 1.
INFO  | 2021-11-04 19:59:45 | [main] reposiory.EventRepoHBImpl (EventRepoHBImpl.java:49) - Execution completed
INFO  | 2021-11-04 19:59:46 | [main] reposiory.EventRepoHBImpl (EventRepoHBImpl.java:89) - Execution completed
